2015-6-17-14-47-18 未知异常: RangeError: Trying to access beyond buffer length
    at checkOffset (buffer.js:582:11)
    at Buffer.readUInt8 (buffer.js:588:5)
    at Object.Decode (/share/temp/protobuf/LobbyServer/proto/ProtoManager.js:102:25)
    at handle [as verifyMsg] (/share/temp/protobuf/LobbyServer/handle/message/verifyMsg.js:16:22)
    at Connector.verifyMessage (/share/temp/protobuf/LobbyServer/node_modules/ss-server/lib/connector.js:394:14)
    at Connector.httpMessage (/share/temp/protobuf/LobbyServer/node_modules/ss-server/lib/connector.js:363:10)
    at Server.<anonymous> (/share/temp/protobuf/LobbyServer/node_modules/ss-server/lib/connector.js:269:34)
    at Server.EventEmitter.emit (events.js:98:17)
    at HTTPParser.parser.onIncoming (http.js:2108:12)
    at HTTPParser.parserOnHeadersComplete [as onHeadersComplete] (http.js:121:23)
2015-6-17-14-47-23 未知异常: RangeError: Trying to access beyond buffer length
    at checkOffset (buffer.js:582:11)
    at Buffer.readUInt8 (buffer.js:588:5)
    at Object.Decode (/share/temp/protobuf/LobbyServer/proto/ProtoManager.js:102:25)
    at handle [as verifyMsg] (/share/temp/protobuf/LobbyServer/handle/message/verifyMsg.js:16:22)
    at Connector.verifyMessage (/share/temp/protobuf/LobbyServer/node_modules/ss-server/lib/connector.js:394:14)
    at Connector.httpMessage (/share/temp/protobuf/LobbyServer/node_modules/ss-server/lib/connector.js:363:10)
    at Server.<anonymous> (/share/temp/protobuf/LobbyServer/node_modules/ss-server/lib/connector.js:269:34)
    at Server.EventEmitter.emit (events.js:98:17)
    at HTTPParser.parser.onIncoming (http.js:2108:12)
    at HTTPParser.parserOnHeadersComplete [as onHeadersComplete] (http.js:121:23)
2015-6-17-14-48-16 未知异常: RangeError: Trying to access beyond buffer length
    at checkOffset (buffer.js:582:11)
    at Buffer.readUInt8 (buffer.js:588:5)
    at Object.Decode (/share/temp/protobuf/LobbyServer/proto/ProtoManager.js:102:25)
    at handle [as verifyMsg] (/share/temp/protobuf/LobbyServer/handle/message/verifyMsg.js:16:22)
    at Connector.verifyMessage (/share/temp/protobuf/LobbyServer/node_modules/ss-server/lib/connector.js:394:14)
    at Connector.httpMessage (/share/temp/protobuf/LobbyServer/node_modules/ss-server/lib/connector.js:363:10)
    at Server.<anonymous> (/share/temp/protobuf/LobbyServer/node_modules/ss-server/lib/connector.js:269:34)
    at Server.EventEmitter.emit (events.js:98:17)
    at HTTPParser.parser.onIncoming (http.js:2108:12)
    at HTTPParser.parserOnHeadersComplete [as onHeadersComplete] (http.js:121:23)
2015-9-9-17-5-12 未知异常: TypeError: Object #<Logger> has no method 'infor'
    at Object.start (/share/temp/protobuf/LobbyServer/node_modules/ss-server/index.js:66:8)
    at Object.<anonymous> (/share/temp/protobuf/LobbyServer/lobby.js:40:5)
    at Module._compile (module.js:456:26)
    at Object.Module._extensions..js (module.js:474:10)
    at Module.load (module.js:356:32)
    at Function.Module._load (module.js:312:12)
    at Function.Module.runMain (module.js:497:10)
    at startup (node.js:119:16)
    at node.js:901:3
